<?xml version="1.0" encoding="UTF-8"?>
<testng-results ignored="0" total="1" passed="1" failed="0" skipped="0">
  <reporter-output>
  </reporter-output>
  <suite started-at="2023-07-17T15:48:22 IST" name="Default suite" finished-at="2023-07-17T15:48:27 IST" duration-ms="4352">
    <groups>
    </groups>
    <test started-at="2023-07-17T15:48:22 IST" name="Default test" finished-at="2023-07-17T15:48:27 IST" duration-ms="4352">
      <class name="com.raghib.selenium.staticwebtable.StaticWebTableExampleUsingTestng">
        <test-method is-config="true" signature="openBrowser()[pri:0, instance:com.raghib.selenium.staticwebtable.StaticWebTableExampleUsingTestng@1aafa419]" started-at="2023-07-17T15:48:22 IST" name="openBrowser" finished-at="2023-07-17T15:48:26 IST" duration-ms="3565" status="PASS">
          <reporter-output>
          </reporter-output>
        </test-method> <!-- openBrowser -->
        <test-method signature="tableDetails()[pri:0, instance:com.raghib.selenium.staticwebtable.StaticWebTableExampleUsingTestng@1aafa419]" started-at="2023-07-17T15:48:26 IST" name="tableDetails" finished-at="2023-07-17T15:48:27 IST" duration-ms="700" status="PASS">
          <reporter-output>
          </reporter-output>
        </test-method> <!-- tableDetails -->
      </class> <!-- com.raghib.selenium.staticwebtable.StaticWebTableExampleUsingTestng -->
    </test> <!-- Default test -->
  </suite> <!-- Default suite -->
</testng-results>
